<?xml version="1.0" encoding="UTF-8"?>
<testsuite xmlns:xsi="http://www.w3.org/2001/XMLSchema-instance" xsi:noNamespaceSchemaLocation="https://maven.apache.org/surefire/maven-surefire-plugin/xsd/surefire-test-report.xsd" name="controller.MainPlayPhaseControllerTest" time="0" tests="1" errors="0" skipped="0" failures="0">
  <properties>
    <property name="java.specification.version" value="17"/>
    <property name="sun.jnu.encoding" value="UTF-8"/>
    <property name="java.class.path" value="/Users/AppleMac/Desktop/CANADA CHAPTER/CONOCORDIA FALL CHAPTER/SOEN 6441 APP/Project/BUILD_2/work_space/SOEN_6441_RISK/target/test-classes:/Users/AppleMac/Desktop/CANADA CHAPTER/CONOCORDIA FALL CHAPTER/SOEN 6441 APP/Project/BUILD_2/work_space/SOEN_6441_RISK/target/classes:/Users/AppleMac/.m2/repository/org/junit/jupiter/junit-jupiter-engine/5.2.0/junit-jupiter-engine-5.2.0.jar:/Users/AppleMac/.m2/repository/org/apiguardian/apiguardian-api/1.0.0/apiguardian-api-1.0.0.jar:/Users/AppleMac/.m2/repository/org/junit/platform/junit-platform-engine/1.2.0/junit-platform-engine-1.2.0.jar:/Users/AppleMac/.m2/repository/org/junit/platform/junit-platform-commons/1.2.0/junit-platform-commons-1.2.0.jar:/Users/AppleMac/.m2/repository/org/opentest4j/opentest4j/1.1.0/opentest4j-1.1.0.jar:/Users/AppleMac/.m2/repository/org/junit/jupiter/junit-jupiter-api/5.2.0/junit-jupiter-api-5.2.0.jar:/Users/AppleMac/.m2/repository/org/junit/platform/junit-platform-runner/1.2.0/junit-platform-runner-1.2.0.jar:/Users/AppleMac/.m2/repository/org/junit/platform/junit-platform-launcher/1.2.0/junit-platform-launcher-1.2.0.jar:/Users/AppleMac/.m2/repository/org/junit/platform/junit-platform-suite-api/1.2.0/junit-platform-suite-api-1.2.0.jar:/Users/AppleMac/.m2/repository/junit/junit/4.12/junit-4.12.jar:/Users/AppleMac/.m2/repository/org/hamcrest/hamcrest-core/1.3/hamcrest-core-1.3.jar:/Users/AppleMac/.m2/repository/org/junit/jupiter/junit-jupiter-params/5.2.0/junit-jupiter-params-5.2.0.jar:src/test/java/:"/>
    <property name="java.vm.vendor" value="Eclipse Adoptium"/>
    <property name="sun.arch.data.model" value="64"/>
    <property name="java.vendor.url" value="https://adoptium.net/"/>
    <property name="os.name" value="Mac OS X"/>
    <property name="java.vm.specification.version" value="17"/>
    <property name="sun.java.launcher" value="SUN_STANDARD"/>
    <property name="user.country" value="IN"/>
    <property name="sun.boot.library.path" value="/Applications/Eclipse.app/Contents/Eclipse/plugins/org.eclipse.justj.openjdk.hotspot.jre.full.macosx.x86_64_17.0.8.v20230831-1047/jre/lib"/>
    <property name="sun.java.command" value="/Users/AppleMac/Desktop/CANADA CHAPTER/CONOCORDIA FALL CHAPTER/SOEN 6441 APP/Project/BUILD_2/work_space/SOEN_6441_RISK/target/surefire/surefirebooter1955475539636962650.jar /Users/AppleMac/Desktop/CANADA CHAPTER/CONOCORDIA FALL CHAPTER/SOEN 6441 APP/Project/BUILD_2/work_space/SOEN_6441_RISK/target/surefire 2023-11-08T21-58-58_928-jvmRun1 surefire13387695708918075520tmp surefire_015272340101797316783tmp"/>
    <property name="http.nonProxyHosts" value="local|*.local|169.254/16|*.169.254/16"/>
    <property name="jdk.debug" value="release"/>
    <property name="surefire.test.class.path" value="/Users/AppleMac/Desktop/CANADA CHAPTER/CONOCORDIA FALL CHAPTER/SOEN 6441 APP/Project/BUILD_2/work_space/SOEN_6441_RISK/target/test-classes:/Users/AppleMac/Desktop/CANADA CHAPTER/CONOCORDIA FALL CHAPTER/SOEN 6441 APP/Project/BUILD_2/work_space/SOEN_6441_RISK/target/classes:/Users/AppleMac/.m2/repository/org/junit/jupiter/junit-jupiter-engine/5.2.0/junit-jupiter-engine-5.2.0.jar:/Users/AppleMac/.m2/repository/org/apiguardian/apiguardian-api/1.0.0/apiguardian-api-1.0.0.jar:/Users/AppleMac/.m2/repository/org/junit/platform/junit-platform-engine/1.2.0/junit-platform-engine-1.2.0.jar:/Users/AppleMac/.m2/repository/org/junit/platform/junit-platform-commons/1.2.0/junit-platform-commons-1.2.0.jar:/Users/AppleMac/.m2/repository/org/opentest4j/opentest4j/1.1.0/opentest4j-1.1.0.jar:/Users/AppleMac/.m2/repository/org/junit/jupiter/junit-jupiter-api/5.2.0/junit-jupiter-api-5.2.0.jar:/Users/AppleMac/.m2/repository/org/junit/platform/junit-platform-runner/1.2.0/junit-platform-runner-1.2.0.jar:/Users/AppleMac/.m2/repository/org/junit/platform/junit-platform-launcher/1.2.0/junit-platform-launcher-1.2.0.jar:/Users/AppleMac/.m2/repository/org/junit/platform/junit-platform-suite-api/1.2.0/junit-platform-suite-api-1.2.0.jar:/Users/AppleMac/.m2/repository/junit/junit/4.12/junit-4.12.jar:/Users/AppleMac/.m2/repository/org/hamcrest/hamcrest-core/1.3/hamcrest-core-1.3.jar:/Users/AppleMac/.m2/repository/org/junit/jupiter/junit-jupiter-params/5.2.0/junit-jupiter-params-5.2.0.jar:src/test/java/:"/>
    <property name="sun.cpu.endian" value="little"/>
    <property name="user.home" value="/Users/AppleMac"/>
    <property name="user.language" value="en"/>
    <property name="java.specification.vendor" value="Oracle Corporation"/>
    <property name="java.version.date" value="2023-08-24"/>
    <property name="java.home" value="/Applications/Eclipse.app/Contents/Eclipse/plugins/org.eclipse.justj.openjdk.hotspot.jre.full.macosx.x86_64_17.0.8.v20230831-1047/jre"/>
    <property name="file.separator" value="/"/>
    <property name="style.color" value="always"/>
    <property name="basedir" value="/Users/AppleMac/Desktop/CANADA CHAPTER/CONOCORDIA FALL CHAPTER/SOEN 6441 APP/Project/BUILD_2/work_space/SOEN_6441_RISK"/>
    <property name="java.vm.compressedOopsMode" value="Zero based"/>
    <property name="line.separator" value="&#10;"/>
    <property name="java.vm.specification.vendor" value="Oracle Corporation"/>
    <property name="java.specification.name" value="Java Platform API Specification"/>
    <property name="surefire.real.class.path" value="/Users/AppleMac/Desktop/CANADA CHAPTER/CONOCORDIA FALL CHAPTER/SOEN 6441 APP/Project/BUILD_2/work_space/SOEN_6441_RISK/target/surefire/surefirebooter1955475539636962650.jar"/>
    <property name="sun.management.compiler" value="HotSpot 64-Bit Tiered Compilers"/>
    <property name="ftp.nonProxyHosts" value="local|*.local|169.254/16|*.169.254/16"/>
    <property name="java.runtime.version" value="17.0.8.1+1"/>
    <property name="user.name" value="AppleMac"/>
    <property name="path.separator" value=":"/>
    <property name="os.version" value="11.4"/>
    <property name="java.runtime.name" value="OpenJDK Runtime Environment"/>
    <property name="file.encoding" value="UTF-8"/>
    <property name="java.vm.name" value="OpenJDK 64-Bit Server VM"/>
    <property name="java.vendor.version" value="Temurin-17.0.8.1+1"/>
    <property name="localRepository" value="/Users/AppleMac/.m2/repository"/>
    <property name="java.vendor.url.bug" value="https://github.com/adoptium/adoptium-support/issues"/>
    <property name="java.io.tmpdir" value="/var/folders/38/n17334m177s18gkchdx39p1m0000gn/T/"/>
    <property name="java.version" value="17.0.8.1"/>
    <property name="user.dir" value="/Users/AppleMac/Desktop/CANADA CHAPTER/CONOCORDIA FALL CHAPTER/SOEN 6441 APP/Project/BUILD_2/work_space/SOEN_6441_RISK"/>
    <property name="os.arch" value="x86_64"/>
    <property name="java.vm.specification.name" value="Java Virtual Machine Specification"/>
    <property name="native.encoding" value="UTF-8"/>
    <property name="java.library.path" value="/Users/AppleMac/Library/Java/Extensions:/Library/Java/Extensions:/Network/Library/Java/Extensions:/System/Library/Java/Extensions:/usr/lib/java:."/>
    <property name="java.vm.info" value="mixed mode"/>
    <property name="java.vendor" value="Eclipse Adoptium"/>
    <property name="java.vm.version" value="17.0.8.1+1"/>
    <property name="sun.io.unicode.encoding" value="UnicodeBig"/>
    <property name="socksNonProxyHosts" value="local|*.local|169.254/16|*.169.254/16"/>
    <property name="java.class.version" value="61.0"/>
  </properties>
  <testcase name="getPlaySetupInvalidCommandsTest" classname="controller.MainPlayPhaseControllerTest" time="0"/>
</testsuite>